[main] INFO  io.micronaut.runtime.Micronaut - Startup completed in 3206ms. Server Running: http://localhost:8080
[default-nioEventLoopGroup-1-3] INFO  e.a.m.c.impl.FinancialControllerImpl - *** Financial data provider::yahoo ***
[default-nioEventLoopGroup-1-3] INFO  e.a.m.s.impl.YahooFinanceServiceImpl - *** STOCK INDEXES ::"INTC", "BABA", "TSLA", "AIR.PA", "YHOO","GOOGL" ***
[default-nioEventLoopGroup-1-3] INFO  y.quotes.query1v7.QuotesRequest - Sending request: https://query1.finance.yahoo.com/v7/finance/quote?symbols=%22INTC%22%2C+%22BABA%22%2C+%22TSLA%22%2C+%22AIR.PA%22%2C+%22YHOO%22%2C%22GOOGL%22
[default-nioEventLoopGroup-1-3] INFO  e.a.m.s.impl.YahooFinanceServiceImpl - *** stock price ::{} ***
[main] INFO  io.micronaut.runtime.Micronaut - Startup completed in 3225ms. Server Running: http://localhost:8080
[default-nioEventLoopGroup-1-3] INFO  e.a.m.c.impl.FinancialControllerImpl - *** Financial data provider::yahoo ***
[default-nioEventLoopGroup-1-3] INFO  e.a.m.s.impl.YahooFinanceServiceImpl - *** STOCK INDEXES ::"INTC", "BABA", "TSLA", "AIR.PA", "YHOO","GOOGL" ***
[default-nioEventLoopGroup-1-3] INFO  y.quotes.query1v7.QuotesRequest - Sending request: https://query1.finance.yahoo.com/v7/finance/quote?symbols=INTC%2CBABA%2CTSLA%2CAIR.PA%2CYHOO
[default-nioEventLoopGroup-1-3] INFO  e.a.m.s.impl.YahooFinanceServiceImpl - *** stock price ::{BABA=BABA: 232.08, AIR.PA=AIR.PA: 98.46, TSLA=TSLA: 729.4, INTC=INTC: 59.24, YHOO=YHOO: null} ***
[main] INFO  io.micronaut.runtime.Micronaut - Startup completed in 3237ms. Server Running: http://localhost:8080
[default-nioEventLoopGroup-1-3] INFO  e.a.m.c.impl.FinancialControllerImpl - *** Financial data provider::yahoo ***
[default-nioEventLoopGroup-1-3] INFO  e.a.m.s.impl.YahooFinanceServiceImpl - *** STOCK INDEXES ::"INTC", "BABA", "TSLA", "AIR.PA", "YHOO","GOOGL" ***
[default-nioEventLoopGroup-1-3] INFO  y.quotes.query1v7.QuotesRequest - Sending request: https://query1.finance.yahoo.com/v7/finance/quote?symbols=INTC%2CBABA%2CTSLA%2CAIR.PA%2CGOOGL
[default-nioEventLoopGroup-1-3] INFO  e.a.m.s.impl.YahooFinanceServiceImpl - *** stock price ::{BABA=BABA: 232.08, AIR.PA=AIR.PA: 98.46, GOOGL=GOOGL: 2299.93, TSLA=TSLA: 729.4, INTC=INTC: 59.24} ***
[main] INFO  io.micronaut.runtime.Micronaut - Startup completed in 4083ms. Server Running: http://localhost:8080
[default-nioEventLoopGroup-1-2] INFO  e.a.m.c.impl.FinancialControllerImpl - *** Financial data provider::yahoo ***
[default-nioEventLoopGroup-1-2] INFO  e.a.m.s.impl.YahooFinanceServiceImpl - *** STOCK INDEXES ::"INTC", "BABA", "TSLA", "AIR.PA", "YHOO","GOOGL" ***
[default-nioEventLoopGroup-1-2] INFO  y.quotes.query1v7.QuotesRequest - Sending request: https://query1.finance.yahoo.com/v7/finance/quote?symbols=INTC%2CBABA%2CTSLA%2CAIR.PA%2CGOOGL%2CYAHOO
[default-nioEventLoopGroup-1-2] INFO  e.a.m.s.impl.YahooFinanceServiceImpl - *** stock price ::{BABA=BABA: 232.08, AIR.PA=AIR.PA: 98.46, GOOGL=GOOGL: 2299.93, TSLA=TSLA: 729.4, INTC=INTC: 59.24} ***
[main] INFO  io.micronaut.runtime.Micronaut - Startup completed in 3071ms. Server Running: http://localhost:8080
[default-nioEventLoopGroup-1-3] INFO  e.a.m.c.impl.FinancialControllerImpl - *** Financial data provider::yahoo ***
[default-nioEventLoopGroup-1-3] INFO  e.a.m.s.impl.YahooFinanceServiceImpl - *** STOCK INDEXES ::"INTC", "BABA", "TSLA", "AIR.PA", "YHOO","GOOGL" ***
[default-nioEventLoopGroup-1-3] INFO  y.quotes.query1v7.QuotesRequest - Sending request: https://query1.finance.yahoo.com/v7/finance/quote?symbols=INTC%2CBABA%2CTSLA%2CAIR.PA%2CGOOGL%2CYHOO
[default-nioEventLoopGroup-1-3] INFO  e.a.m.s.impl.YahooFinanceServiceImpl - *** stock price ::{BABA=BABA: 232.08, AIR.PA=AIR.PA: 98.46, GOOGL=GOOGL: 2299.93, TSLA=TSLA: 729.4, INTC=INTC: 59.24, YHOO=YHOO: null} ***
[main] INFO  io.micronaut.runtime.Micronaut - Startup completed in 3413ms. Server Running: http://localhost:8080
[default-nioEventLoopGroup-1-3] INFO  e.a.m.c.impl.FinancialControllerImpl - *** Financial data provider::yahoo ***
[default-nioEventLoopGroup-1-3] INFO  e.a.m.s.impl.YahooFinanceServiceImpl - *** STOCK INDEXES:: "INTC", "BABA", "TSLA", "AIR.PA", "GOOGL", "YHOO"  ***
[default-nioEventLoopGroup-1-3] INFO  y.quotes.query1v7.QuotesRequest - Sending request: https://query1.finance.yahoo.com/v7/finance/quote?symbols=INTC%2CBABA%2CTSLA%2CAIR.PA%2CGOOGL%2CYHOO
[default-nioEventLoopGroup-1-3] INFO  e.a.m.s.impl.YahooFinanceServiceImpl - *** stock price ::{BABA=BABA: 232.08, AIR.PA=AIR.PA: 98.46, GOOGL=GOOGL: 2299.93, TSLA=TSLA: 729.4, INTC=INTC: 59.24, YHOO=YHOO: null} ***
[main] INFO  io.micronaut.runtime.Micronaut - Startup completed in 3004ms. Server Running: http://localhost:8080
[main] INFO  io.micronaut.runtime.Micronaut - Startup completed in 2542ms. Server Running: http://localhost:8080
[default-nioEventLoopGroup-1-3] INFO  e.a.m.c.impl.FinancialControllerImpl - *** Financial data provider::yahoo ***
[default-nioEventLoopGroup-1-3] INFO  y.quotes.query1v7.QuotesRequest - Sending request: https://query1.finance.yahoo.com/v7/finance/quote?symbols=GOOGL
[default-nioEventLoopGroup-1-3] INFO  y.quotes.query1v7.QuotesRequest - Sending request: https://query1.finance.yahoo.com/v7/finance/quote?symbols=GOOGL
[default-nioEventLoopGroup-1-3] INFO  yahoofinance.Stock - Updated Stock with symbol: GOOGL
[default-nioEventLoopGroup-1-3] INFO  e.a.m.s.impl.YahooFinanceServiceImpl - *** stock price ::2299.93 ***
[default-nioEventLoopGroup-1-3] INFO  e.a.m.c.impl.FinancialControllerImpl - *** Financial data provider::yahoo ***
[default-nioEventLoopGroup-1-3] INFO  y.quotes.query1v7.QuotesRequest - Sending request: https://query1.finance.yahoo.com/v7/finance/quote?symbols=GOOGL
[default-nioEventLoopGroup-1-3] INFO  y.quotes.query1v7.QuotesRequest - Sending request: https://query1.finance.yahoo.com/v7/finance/quote?symbols=GOOGL
[default-nioEventLoopGroup-1-3] INFO  yahoofinance.Stock - Updated Stock with symbol: GOOGL
[default-nioEventLoopGroup-1-3] INFO  e.a.m.s.impl.YahooFinanceServiceImpl - *** stock price ::2299.93 ***
[default-nioEventLoopGroup-1-3] INFO  e.a.m.c.impl.FinancialControllerImpl - *** Financial data provider::yahoo ***
[default-nioEventLoopGroup-1-3] INFO  e.a.m.s.impl.YahooFinanceServiceImpl - *** STOCK INDEXES:: "INTC", "BABA", "TSLA", "AIR.PA", "GOOGL", "YHOO"  ***
[default-nioEventLoopGroup-1-3] INFO  y.quotes.query1v7.QuotesRequest - Sending request: https://query1.finance.yahoo.com/v7/finance/quote?symbols=INTC%2CBABA%2CTSLA%2CAIR.PA%2CGOOGL%2CYHOO
[default-nioEventLoopGroup-1-3] INFO  e.a.m.s.impl.YahooFinanceServiceImpl - *** stock price ::{BABA=BABA: 232.08, AIR.PA=AIR.PA: 98.46, GOOGL=GOOGL: 2299.93, TSLA=TSLA: 729.4, INTC=INTC: 59.24, YHOO=YHOO: null} ***
[main] INFO  io.micronaut.runtime.Micronaut - Startup completed in 2416ms. Server Running: http://localhost:8080
[default-nioEventLoopGroup-1-3] INFO  e.a.m.c.impl.FinancialControllerImpl - *** Financial data provider::yahoo ***
[default-nioEventLoopGroup-1-3] INFO  y.quotes.query1v7.QuotesRequest - Sending request: https://query1.finance.yahoo.com/v7/finance/quote?symbols=GOOGL
[default-nioEventLoopGroup-1-3] INFO  y.quotes.query1v7.QuotesRequest - Sending request: https://query1.finance.yahoo.com/v7/finance/quote?symbols=GOOGL
[default-nioEventLoopGroup-1-3] INFO  yahoofinance.Stock - Updated Stock with symbol: GOOGL
[default-nioEventLoopGroup-1-3] INFO  e.a.m.s.impl.YahooFinanceServiceImpl - *** stock price ::2299.93 ***
[default-nioEventLoopGroup-1-3] INFO  e.a.m.c.impl.FinancialControllerImpl - *** Financial data provider::yahoo ***
[default-nioEventLoopGroup-1-3] INFO  e.a.m.s.impl.YahooFinanceServiceImpl - *** STOCK INDEXES:: "INTC", "BABA", "TSLA", "AIR.PA", "GOOGL", "YHOO"  ***
[default-nioEventLoopGroup-1-3] INFO  y.quotes.query1v7.QuotesRequest - Sending request: https://query1.finance.yahoo.com/v7/finance/quote?symbols=INTC%2CBABA%2CTSLA%2CAIR.PA%2CGOOGL%2CYHOO
[default-nioEventLoopGroup-1-3] INFO  e.a.m.s.impl.YahooFinanceServiceImpl - *** stock price ::{BABA=BABA: 232.08, AIR.PA=AIR.PA: 98.46, GOOGL=GOOGL: 2299.93, TSLA=TSLA: 729.4, INTC=INTC: 59.24, YHOO=YHOO: null} ***
[main] INFO  io.micronaut.runtime.Micronaut - Startup completed in 3686ms. Server Running: http://localhost:8080
[default-nioEventLoopGroup-1-5] INFO  e.a.m.c.impl.FinancialControllerImpl - *** Financial data provider::yahoo ***
[default-nioEventLoopGroup-1-5] INFO  y.quotes.query1v7.QuotesRequest - Sending request: https://query1.finance.yahoo.com/v7/finance/quote?symbols=GOOGL
[default-nioEventLoopGroup-1-5] INFO  y.quotes.query1v7.QuotesRequest - Sending request: https://query1.finance.yahoo.com/v7/finance/quote?symbols=GOOGL
[default-nioEventLoopGroup-1-5] INFO  yahoofinance.Stock - Updated Stock with symbol: GOOGL
[default-nioEventLoopGroup-1-5] INFO  e.a.m.s.impl.YahooFinanceServiceImpl - *** stock price ::2299.93 ***
