[main] INFO  io.micronaut.runtime.Micronaut - Startup completed in 3586ms. Server Running: http://localhost:8080
[main] INFO  io.micronaut.runtime.Micronaut - Startup completed in 2555ms. Server Running: http://localhost:8080
[main] INFO  io.micronaut.runtime.Micronaut - Startup completed in 2422ms. Server Running: http://localhost:8080
[default-nioEventLoopGroup-1-3] INFO  e.a.m.c.impl.FinancialControllerImpl - *** Financial data provider::yahoo ***
[default-nioEventLoopGroup-1-3] INFO  y.quotes.query1v7.QuotesRequest - Sending request: https://query1.finance.yahoo.com/v7/finance/quote?symbols=GOOGL
[default-nioEventLoopGroup-1-3] INFO  y.quotes.query1v7.QuotesRequest - Sending request: https://query1.finance.yahoo.com/v7/finance/quote?symbols=GOOGL
[default-nioEventLoopGroup-1-3] INFO  yahoofinance.Stock - Updated Stock with symbol: GOOGL
[default-nioEventLoopGroup-1-3] INFO  e.a.m.s.impl.YahooFinanceServiceImpl - *** stock price ::2382.375 ***
[default-nioEventLoopGroup-1-3] INFO  e.a.m.c.impl.FinancialControllerImpl - *** Financial data provider::yahoo ***
[default-nioEventLoopGroup-1-3] INFO  e.a.m.s.impl.YahooFinanceServiceImpl - *** STOCK INDEXES:: "INTC", "BABA", "TSLA", "AIR.PA", "GOOGL", "YHOO"  ***
[default-nioEventLoopGroup-1-3] INFO  y.quotes.query1v7.QuotesRequest - Sending request: https://query1.finance.yahoo.com/v7/finance/quote?symbols=INTC%2CBABA%2CTSLA%2CAIR.PA%2CGOOGL%2CYHOO
[default-nioEventLoopGroup-1-3] INFO  e.a.m.s.impl.YahooFinanceServiceImpl - *** stock price ::{BABA=BABA: 238.51, AIR.PA=AIR.PA: 99.3, GOOGL=GOOGL: 2382.375, TSLA=TSLA: 698.8499, INTC=INTC: 57.47, YHOO=YHOO: null} ***
[main] INFO  io.micronaut.runtime.Micronaut - Startup completed in 2667ms. Server Running: http://localhost:8080
[main] INFO  io.micronaut.runtime.Micronaut - Startup completed in 2541ms. Server Running: http://localhost:8080
[default-nioEventLoopGroup-1-3] INFO  e.a.m.c.impl.FinancialControllerImpl - *** Financial data provider::yahoo ***
[default-nioEventLoopGroup-1-3] INFO  y.quotes.query1v7.QuotesRequest - Sending request: https://query1.finance.yahoo.com/v7/finance/quote?symbols=GOOGL
[default-nioEventLoopGroup-1-3] INFO  y.quotes.query1v7.QuotesRequest - Sending request: https://query1.finance.yahoo.com/v7/finance/quote?symbols=GOOGL
[default-nioEventLoopGroup-1-3] INFO  yahoofinance.Stock - Updated Stock with symbol: GOOGL
[default-nioEventLoopGroup-1-3] INFO  e.a.m.s.impl.YahooFinanceServiceImpl - *** stock price ::2380.53 ***
[default-nioEventLoopGroup-1-3] INFO  e.a.m.c.impl.FinancialControllerImpl - *** Financial data provider::yahoo ***
[default-nioEventLoopGroup-1-3] INFO  e.a.m.s.impl.YahooFinanceServiceImpl - *** STOCK INDEXES:: "INTC", "BABA", "TSLA", "AIR.PA", "GOOGL", "YHOO"  ***
[default-nioEventLoopGroup-1-3] INFO  y.quotes.query1v7.QuotesRequest - Sending request: https://query1.finance.yahoo.com/v7/finance/quote?symbols=INTC%2CBABA%2CTSLA%2CAIR.PA%2CGOOGL%2CYHOO
[default-nioEventLoopGroup-1-3] INFO  e.a.m.s.impl.YahooFinanceServiceImpl - *** stock price ::{BABA=BABA: 238.1, AIR.PA=AIR.PA: 99.3, GOOGL=GOOGL: 2380.53, TSLA=TSLA: 700.55, INTC=INTC: 57.545, YHOO=YHOO: null} ***
[main] INFO  io.micronaut.runtime.Micronaut - Startup completed in 2268ms. Server Running: http://localhost:8080
